<?xml version="1.0" encoding="UTF-8"?>
<testsuite xmlns:xsi="http://www.w3.org/2001/XMLSchema-instance" xsi:noNamespaceSchemaLocation="https://maven.apache.org/surefire/maven-surefire-plugin/xsd/surefire-test-report-3.0.xsd" version="3.0" name="net.java.projectmanager.controllerstests.ProjectControllerTests" time="4.411" tests="5" errors="0" skipped="0" failures="0">
  <properties>
[...]
</properties>
  <testcase name="testIfReturnResponseProjects" classname="net.java.projectmanager.controllerstests.ProjectControllerTests" time="0.302">
    <system-out><![CDATA[11:17:50.350 [main] INFO org.springframework.test.context.support.AnnotationConfigContextLoaderUtils -- Could not detect default configuration classes for test class [net.java.projectmanager.controllerstests.ProjectControllerTests]: ProjectControllerTests does not declare any static, non-private, non-final, nested classes annotated with @Configuration.
11:17:50.522 [main] INFO org.springframework.boot.test.context.SpringBootTestContextBootstrapper -- Found @SpringBootConfiguration net.java.projectmanager.ProjectManager for test class net.java.projectmanager.controllerstests.ProjectControllerTests

  .   ____          _            __ _ _
 /\\ / ___'_ __ _ _(_)_ __  __ _ \ \ \ \
( ( )\___ | '_ | '_| | '_ \/ _` | \ \ \ \
 \\/  ___)| |_)| | | | | || (_| |  ) ) ) )
  '  |____| .__|_| |_|_| |_\__, | / / / /
 =========|_|==============|___/=/_/_/_/
 :: Spring Boot ::             (v3.2.0-M1)

2023-08-25T11:17:51.092+02:00  INFO 25700 --- [           main] n.j.p.c.ProjectControllerTests           : Starting ProjectControllerTests using Java 20.0.1 with PID 25700 (started by peter.pham in C:\backend\ProjectManagerBackend)
2023-08-25T11:17:51.094+02:00  INFO 25700 --- [           main] n.j.p.c.ProjectControllerTests           : The following 1 profile is active: "prod"
2023-08-25T11:17:53.976+02:00  INFO 25700 --- [           main] o.s.b.t.m.w.SpringBootMockServletContext : Initializing Spring TestDispatcherServlet ''
2023-08-25T11:17:53.976+02:00  INFO 25700 --- [           main] o.s.t.web.servlet.TestDispatcherServlet  : Initializing Servlet ''
2023-08-25T11:17:53.981+02:00  INFO 25700 --- [           main] o.s.t.web.servlet.TestDispatcherServlet  : Completed initialization in 2 ms
2023-08-25T11:17:54.028+02:00  INFO 25700 --- [           main] n.j.p.c.ProjectControllerTests           : Started ProjectControllerTests in 3.428 seconds (process running for 4.618)
]]></system-out>
  </testcase>
  <testcase name="testIfDeleteReturnOne" classname="net.java.projectmanager.controllerstests.ProjectControllerTests" time="0.055">
    <system-out><![CDATA[
MockHttpServletRequest:
      HTTP Method = DELETE
      Request URI = /1
       Parameters = {}
          Headers = [Content-Type:"application/json;charset=UTF-8"]
             Body = null
    Session Attrs = {}

Handler:
             Type = net.java.projectmanager.controllers.ProjectController
           Method = net.java.projectmanager.controllers.ProjectController#deleteProject(String)

Async:
    Async started = false
     Async result = null

Resolved Exception:
             Type = null

ModelAndView:
        View name = null
             View = null
            Model = null

FlashMap:
       Attributes = null

MockHttpServletResponse:
           Status = 200
    Error message = null
          Headers = [Vary:"Origin", "Access-Control-Request-Method", "Access-Control-Request-Headers", Content-Type:"application/json"]
     Content type = application/json
             Body = {"message":"Successfully deleted","status":200,"result":1,"timeStamp":"2023-08-25T11:17:54.3853851+02:00"}
    Forwarded URL = null
   Redirected URL = null
          Cookies = []
]]></system-out>
  </testcase>
  <testcase name="testIfReturnOneInResultResponse" classname="net.java.projectmanager.controllerstests.ProjectControllerTests" time="0.082">
    <system-out><![CDATA[
MockHttpServletRequest:
      HTTP Method = POST
      Request URI = /
       Parameters = {}
          Headers = [Content-Type:"application/json;charset=UTF-8", Content-Length:"91"]
             Body = {"id":"1","title":"test","details":"test detail","isCompleted":true,"created":"2023-08-25"}
    Session Attrs = {}

Handler:
             Type = net.java.projectmanager.controllers.ProjectController
           Method = net.java.projectmanager.controllers.ProjectController#addProject(Project)

Async:
    Async started = false
     Async result = null

Resolved Exception:
             Type = null

ModelAndView:
        View name = null
             View = null
            Model = null

FlashMap:
       Attributes = null

MockHttpServletResponse:
           Status = 200
    Error message = null
          Headers = [Vary:"Origin", "Access-Control-Request-Method", "Access-Control-Request-Headers", Content-Type:"application/json"]
     Content type = application/json
             Body = {"message":"Successfully added","status":200,"result":1,"timeStamp":"2023-08-25T11:17:54.4795157+02:00"}
    Forwarded URL = null
   Redirected URL = null
          Cookies = []
]]></system-out>
  </testcase>
  <testcase name="testIfReturnUpdatedProject" classname="net.java.projectmanager.controllerstests.ProjectControllerTests" time="0.015">
    <system-out><![CDATA[
MockHttpServletRequest:
      HTTP Method = PUT
      Request URI = /
       Parameters = {}
          Headers = [Content-Type:"application/json;charset=UTF-8", Content-Length:"96"]
             Body = {"id":"1","title":"updated title","details":"updated","isCompleted":true,"created":"2023-08-25"}
    Session Attrs = {}

Handler:
             Type = net.java.projectmanager.controllers.ProjectController
           Method = net.java.projectmanager.controllers.ProjectController#updateProject(Project)

Async:
    Async started = false
     Async result = null

Resolved Exception:
             Type = null

ModelAndView:
        View name = null
             View = null
            Model = null

FlashMap:
       Attributes = null

MockHttpServletResponse:
           Status = 200
    Error message = null
          Headers = [Vary:"Origin", "Access-Control-Request-Method", "Access-Control-Request-Headers", Content-Type:"application/json"]
     Content type = application/json
             Body = {"message":"Successfully updated","status":200,"result":{"id":"1","title":"updated title","details":"updated","isCompleted":true,"created":"2023-08-25"},"timeStamp":"2023-08-25T11:17:54.4956474+02:00"}
    Forwarded URL = null
   Redirected URL = null
          Cookies = []
]]></system-out>
  </testcase>
  <testcase name="testIfReturnResponseFoundProject" classname="net.java.projectmanager.controllerstests.ProjectControllerTests" time="0.007"/>
</testsuite>