<?xml version="1.0" encoding="UTF-8"?>
<testsuite xmlns:xsi="http://www.w3.org/2001/XMLSchema-instance" xsi:noNamespaceSchemaLocation="https://maven.apache.org/surefire/maven-surefire-plugin/xsd/surefire-test-report-3.0.xsd" version="3.0" name="net.java.projectmanager.ProjectManagerApplicationTests" time="1.456" tests="1" errors="0" skipped="0" failures="0">
  <properties>
[...]
</properties>
  <testcase name="contextLoads" classname="net.java.projectmanager.ProjectManagerApplicationTests" time="0.004">
    <system-out><![CDATA[2023-08-25T11:17:54.545+02:00  INFO 25700 --- [           main] t.c.s.AnnotationConfigContextLoaderUtils : Could not detect default configuration classes for test class [net.java.projectmanager.ProjectManagerApplicationTests]: ProjectManagerApplicationTests does not declare any static, non-private, non-final, nested classes annotated with @Configuration.
2023-08-25T11:17:54.560+02:00  INFO 25700 --- [           main] .b.t.c.SpringBootTestContextBootstrapper : Found @SpringBootConfiguration net.java.projectmanager.ProjectManager for test class net.java.projectmanager.ProjectManagerApplicationTests

  .   ____          _            __ _ _
 /\\ / ___'_ __ _ _(_)_ __  __ _ \ \ \ \
( ( )\___ | '_ | '_| | '_ \/ _` | \ \ \ \
 \\/  ___)| |_)| | | | | || (_| |  ) ) ) )
  '  |____| .__|_| |_|_| |_\__, | / / / /
 =========|_|==============|___/=/_/_/_/
 :: Spring Boot ::             (v3.2.0-M1)

2023-08-25T11:17:54.632+02:00  INFO 25700 --- [           main] n.j.p.ProjectManagerApplicationTests     : Starting ProjectManagerApplicationTests using Java 20.0.1 with PID 25700 (started by peter.pham in C:\backend\ProjectManagerBackend)
2023-08-25T11:17:54.632+02:00  INFO 25700 --- [           main] n.j.p.ProjectManagerApplicationTests     : The following 1 profile is active: "test"
2023-08-25T11:17:54.977+02:00  INFO 25700 --- [           main] .s.d.r.c.RepositoryConfigurationDelegate : Bootstrapping Spring Data JDBC repositories in DEFAULT mode.
2023-08-25T11:17:54.991+02:00  INFO 25700 --- [           main] .s.d.r.c.RepositoryConfigurationDelegate : Finished Spring Data repository scanning in 11 ms. Found 0 JDBC repository interfaces.
2023-08-25T11:17:55.221+02:00  INFO 25700 --- [           main] com.zaxxer.hikari.HikariDataSource       : projectmanager - Starting...
2023-08-25T11:17:55.469+02:00  INFO 25700 --- [           main] com.zaxxer.hikari.pool.HikariPool        : projectmanager - Added connection conn0: url=jdbc:h2:mem:projectmanager user=SA
2023-08-25T11:17:55.471+02:00  INFO 25700 --- [           main] com.zaxxer.hikari.HikariDataSource       : projectmanager - Start completed.
2023-08-25T11:17:55.973+02:00  INFO 25700 --- [           main] o.s.b.a.h2.H2ConsoleAutoConfiguration    : H2 console available at '/h2-console'. Database available at 'jdbc:h2:mem:projectmanager'
2023-08-25T11:17:55.992+02:00  INFO 25700 --- [           main] n.j.p.ProjectManagerApplicationTests     : Started ProjectManagerApplicationTests in 1.412 seconds (process running for 6.581)
]]></system-out>
  </testcase>
</testsuite>